#
# A fatal error has been detected by the Java Runtime Environment:
#
#  EXCEPTION_ACCESS_VIOLATION (0xc0000005) at pc=0x00007ffee6199d22, pid=2032, tid=26580
#
# JRE version: Java(TM) SE Runtime Environment (17.0.2+8) (build 17.0.2+8-LTS-86)
# Java VM: Java HotSpot(TM) 64-Bit Server VM (17.0.2+8-LTS-86, mixed mode, sharing, tiered, compressed oops, compressed class ptrs, g1 gc, windows-amd64)
# Problematic frame:
# C  [ntdll.dll+0x39d22]
#
# No core dump will be written. Minidumps are not enabled by default on client versions of Windows
#
# If you would like to submit a bug report, please visit:
#   https://bugreport.java.com/bugreport/crash.jsp
# The crash happened outside the Java Virtual Machine in native code.
# See problematic frame for where to report the bug.
#

---------------  S U M M A R Y ------------

Command Line: -javaagent:C:\Program Files\JetBrains\IntelliJ IDEA 2021.3.2\lib\idea_rt.jar=51004:C:\Program Files\JetBrains\IntelliJ IDEA 2021.3.2\bin -Dfile.encoding=UTF-8 VirtualWorld

Host: AMD Ryzen 9 5900HS with Radeon Graphics        , 16 cores, 15G,  Windows 11 , 64 bit Build 22000 (10.0.22000.434)
Time: Wed Mar  2 23:49:45 2022 Pacific Standard Time elapsed time: 42.020643 seconds (0d 0h 0m 42s)

---------------  T H R E A D  ---------------

Current thread (0x00000256fdf0ad70):  JavaThread "Animation Thread" [_thread_in_native, id=26580, stack(0x0000005be7e00000,0x0000005be7f00000)]

Stack: [0x0000005be7e00000,0x0000005be7f00000],  sp=0x0000005be7efdbe0,  free space=1014k
Native frames: (J=compiled Java code, j=interpreted, Vv=VM code, C=native code)
C  [ntdll.dll+0x39d22]
C  [ntdll.dll+0x359f0]
C  [ntdll.dll+0xa76fe]
C  [ntdll.dll+0x1d421]
C  [ntdll.dll+0x3a6bc]
C  [ntdll.dll+0x3a522]
C  0x00007ffed2b7aa7c

Java frames: (J=compiled Java code, j=interpreted, Vv=VM code)
j  sun.java2d.d3d.D3DSurfaceData.initOps(III)V+0 java.desktop@17.0.2
j  sun.java2d.d3d.D3DSurfaceData.<init>(Lsun/awt/windows/WComponentPeer;Lsun/java2d/d3d/D3DGraphicsConfig;IILjava/awt/Image;Ljava/awt/image/ColorModel;IILsun/java2d/pipe/hw/ExtendedBufferCapabilities$VSyncType;I)V+212 java.desktop@17.0.2
j  sun.java2d.d3d.D3DSurfaceData.createData(Lsun/awt/windows/WComponentPeer;Ljava/awt/Image;)Lsun/java2d/d3d/D3DSurfaceData;+117 java.desktop@17.0.2
j  sun.java2d.d3d.D3DVolatileSurfaceManager.initAcceleratedSurface()Lsun/java2d/SurfaceData;+68 java.desktop@17.0.2
j  sun.java2d.d3d.D3DVolatileSurfaceManager.restoreAcceleratedSurface()V+49 java.desktop@17.0.2
J 1665 c1 sun.awt.image.VolatileSurfaceManager.validate(Ljava/awt/GraphicsConfiguration;)I java.desktop@17.0.2 (213 bytes) @ 0x00000256e14eab84 [0x00000256e14ea600+0x0000000000000584]
J 1754 c1 java.awt.Component$FlipBufferStrategy.revalidate()V java.desktop@17.0.2 (145 bytes) @ 0x00000256e15181d4 [0x00000256e1517cc0+0x0000000000000514]
J 1663 c1 processing.awt.PSurfaceAWT.render()V (104 bytes) @ 0x00000256e14e9214 [0x00000256e14e8b20+0x00000000000006f4]
J 1691 c1 processing.awt.PSurfaceAWT$12.callDraw()V (18 bytes) @ 0x00000256e14f9ea4 [0x00000256e14f9d40+0x0000000000000164]
j  processing.core.PSurfaceNone$AnimationThread.run()V+57
v  ~StubRoutines::call_stub

siginfo: EXCEPTION_ACCESS_VIOLATION (0xc0000005), reading address 0x00007ffed2d10dfc


Register to memory mapping:

RIP=0x00007ffee6199d22 ntdll.dll
RAX=0x0000000000002f7f is an unknown value
RBX=0x000000000000aa7c is an unknown value
RCX=0x000000000000be08 is an unknown value
RDX=0x0000000000000fd6 is an unknown value
RSP=0x0000005be7efdbe0 is pointing into the stack for thread: 0x00000256fdf0ad70
RBP=0x0000005be7efe190 is pointing into the stack for thread: 0x00000256fdf0ad70
RSI=0x0 is NULL
RDI=0x00007ffed2d05000 is an unknown value
R8 =0x00007ffed2b70000 is an unknown value
R9 =0x000000000000000c is an unknown value
R10=0x0 is NULL
R11=0x00007ffee62ef510 ntdll.dll
R12=0x00007ffed2b7aa7c is an unknown value
R13=0x0000005be7efdc90 is pointing into the stack for thread: 0x00000256fdf0ad70
R14=0x0000005be7efe250 is pointing into the stack for thread: 0x00000256fdf0ad70
R15=0x0000005be7efe1c8 is pointing into the stack for thread: 0x00000256fdf0ad70


Registers:
RAX=0x0000000000002f7f, RBX=0x000000000000aa7c, RCX=0x000000000000be08, RDX=0x0000000000000fd6
RSP=0x0000005be7efdbe0, RBP=0x0000005be7efe190, RSI=0x0000000000000000, RDI=0x00007ffed2d05000
R8 =0x00007ffed2b70000, R9 =0x000000000000000c, R10=0x0000000000000000, R11=0x00007ffee62ef510
R12=0x00007ffed2b7aa7c, R13=0x0000005be7efdc90, R14=0x0000005be7efe250, R15=0x0000005be7efe1c8
RIP=0x00007ffee6199d22, EFLAGS=0x0000000000010202

Top of Stack: (sp=0x0000005be7efdbe0)
0x0000005be7efdbe0:   00007ffed2b7aa7c 00007ffed2d05000
0x0000005be7efdbf0:   0000005be7efe870 0000000000000000
0x0000005be7efdc00:   00007ffed2d05000 00007ffed2b70000
0x0000005be7efdc10:   0000be08001a6000 0000005be7efe870
0x0000005be7efdc20:   0000005be7efe380 00007ffee61959f0
0x0000005be7efdc30:   0000005be7efe870 0000000000000000
0x0000005be7efdc40:   0000000000000000 0000000000000000
0x0000005be7efdc50:   0000005be7efdc90 0000000000000000
0x0000005be7efdc60:   0000005be7efe1b0 0000005be7efe1a0
0x0000005be7efdc70:   0000005be7efe1a8 0000005be7efe230
0x0000005be7efdc80:   0000025600000000 00000012fc982998
0x0000005be7efdc90:   0000000000000000 000000071632d2f8
0x0000005be7efdca0:   0000000184105800 00007ffee2c5c863
0x0000005be7efdcb0:   00005b12841045a0 00007ffefcf8fec0
0x0000005be7efdcc0:   00001fa00010000f 00007ffefcf80033
0x0000005be7efdcd0:   00010213002bdd70 000002568409c5e8 

Instructions: (pc=0x00007ffee6199d22)
0x00007ffee6199c22:   08 4c 3b c9 0f 87 7b 69 08 00 48 8b 02 48 89 86
0x00007ffee6199c32:   f8 00 00 00 49 8b 01 48 89 86 98 00 00 00 48 3b
0x00007ffee6199c42:   3d b1 a6 13 00 0f 85 83 fc ff ff 48 8b ce e8 7b
0x00007ffee6199c52:   a4 04 00 ff c3 e9 fa fb ff ff 0f b7 4a 04 e8 eb
0x00007ffee6199c62:   1f 05 00 03 d8 e9 ea fb ff ff f7 99 03 00 f5 98
0x00007ffee6199c72:   03 00 62 9a 03 00 71 06 0c 00 9d 03 0c 00 81 9b
0x00007ffee6199c82:   03 00 3a 04 0c 00 f8 9a 03 00 83 04 0c 00 b1 9b
0x00007ffee6199c92:   03 00 cc cc cc cc 71 62 50 34 55 bf e5 cf 48 89
0x00007ffee6199ca2:   5c 24 18 4c 89 74 24 20 41 57 48 83 ec 40 4d 8b
0x00007ffee6199cb2:   f0 4c 8b fa 48 8b d9 4d 85 c0 0f 85 3d 01 00 00
0x00007ffee6199cc2:   48 8b 0d 4f 58 15 00 48 89 74 24 50 48 89 7c 24
0x00007ffee6199cd2:   58 48 3b d9 0f 83 ed 00 00 00 48 8d 54 24 20 48
0x00007ffee6199ce2:   8b cb e8 17 03 00 00 48 8b f8 48 85 ff 0f 84 e2
0x00007ffee6199cf2:   02 00 00 8b 4c 24 34 48 b8 ab aa aa aa aa aa aa
0x00007ffee6199d02:   aa 4c 8b 44 24 28 33 f6 48 f7 e1 4d 89 07 48 c1
0x00007ffee6199d12:   ea 03 85 d2 74 61 8d 42 ff 49 2b d8 48 8d 04 40
0x00007ffee6199d22:   44 8b 1c 87 4c 8d 14 87 49 3b db 73 36 44 8d 42
0x00007ffee6199d32:   fe 44 8b ce 45 85 c0 78 2a 0f 1f 44 00 00 43 8d
0x00007ffee6199d42:   04 08 d1 f8 48 63 c8 48 8d 14 49 4c 8d 14 97 8b
0x00007ffee6199d52:   14 97 48 3b da 73 5e 44 8d 40 ff 44 8b da 45 3b
0x00007ffee6199d62:   c1 7d db 41 8b c3 48 3b d8 72 0c 41 8b 42 04 48
0x00007ffee6199d72:   3b d8 73 03 49 8b f2 48 8b 7c 24 58 48 85 f6 74
0x00007ffee6199d82:   09 4d 85 f6 0f 85 fd 00 00 00 48 8b c6 48 85 f6
0x00007ffee6199d92:   74 0c 8b 4e 08 f6 c1 01 0f 85 4a 02 00 00 48 8b
0x00007ffee6199da2:   74 24 50 48 8b 5c 24 60 4c 8b 74 24 68 48 83 c4
0x00007ffee6199db2:   40 41 5f c3 cc 41 8b 4a 0c 44 8b da 48 3b d9 72
0x00007ffee6199dc2:   a2 44 8d 48 01 eb 94 8b 05 51 57 15 00 48 03 c1
0x00007ffee6199dd2:   48 3b d8 0f 83 01 ff ff ff 0f 28 0d 2e 57 15 00
0x00007ffee6199de2:   f2 0f 10 05 36 57 15 00 66 48 0f 7e cf 0f 11 4c
0x00007ffee6199df2:   24 20 f2 0f 11 44 24 30 e9 ed fe ff ff 41 80 78
0x00007ffee6199e02:   07 00 4c 8d 1d 15 56 15 00 0f 85 62 01 00 00 41
0x00007ffee6199e12:   80 78 06 00 0f 84 a6 fe ff ff 48 3b 1d 05 56 15 


Stack slot to memory mapping:
stack at sp + 0 slots: 0x00007ffed2b7aa7c is an unknown value
stack at sp + 1 slots: 0x00007ffed2d05000 is an unknown value
stack at sp + 2 slots: 0x0000005be7efe870 is pointing into the stack for thread: 0x00000256fdf0ad70
stack at sp + 3 slots: 0x0 is NULL
stack at sp + 4 slots: 0x00007ffed2d05000 is an unknown value
stack at sp + 5 slots: 0x00007ffed2b70000 is an unknown value
stack at sp + 6 slots: 0x0000be08001a6000 is an unknown value
stack at sp + 7 slots: 0x0000005be7efe870 is pointing into the stack for thread: 0x00000256fdf0ad70


---------------  P R O C E S S  ---------------

Threads class SMR info:
_java_thread_list=0x00000256fdc0e270, length=19, elements={
0x00000256fc5ae350, 0x00000256fc5aeae0, 0x00000256fc5c0170, 0x00000256fc5c0640,
0x00000256fc5c0b10, 0x00000256fc5c4ff0, 0x00000256fc5c8da0, 0x00000256fc5d4790,
0x00000256fc5dcc90, 0x00000256fd0d98d0, 0x00000256fd170890, 0x00000256fd171110,
0x00000256fd39c910, 0x00000256fd3a1270, 0x00000256fdbb4530, 0x00000256fdf0ad70,
0x00000256fdf0ca50, 0x00000256fdf0d3f0, 0x00000256fdf0b710
}

Java Threads: ( => current thread )
  0x00000256fc5ae350 JavaThread "Reference Handler" daemon [_thread_blocked, id=29764, stack(0x0000005be5c00000,0x0000005be5d00000)]
  0x00000256fc5aeae0 JavaThread "Finalizer" daemon [_thread_blocked, id=9992, stack(0x0000005be5d00000,0x0000005be5e00000)]
  0x00000256fc5c0170 JavaThread "Signal Dispatcher" daemon [_thread_blocked, id=16956, stack(0x0000005be5e00000,0x0000005be5f00000)]
  0x00000256fc5c0640 JavaThread "Attach Listener" daemon [_thread_blocked, id=8472, stack(0x0000005be5f00000,0x0000005be6000000)]
  0x00000256fc5c0b10 JavaThread "Service Thread" daemon [_thread_blocked, id=30232, stack(0x0000005be6000000,0x0000005be6100000)]
  0x00000256fc5c4ff0 JavaThread "Monitor Deflation Thread" daemon [_thread_blocked, id=26444, stack(0x0000005be6100000,0x0000005be6200000)]
  0x00000256fc5c8da0 JavaThread "C2 CompilerThread0" daemon [_thread_blocked, id=5756, stack(0x0000005be6200000,0x0000005be6300000)]
  0x00000256fc5d4790 JavaThread "C1 CompilerThread0" daemon [_thread_blocked, id=16556, stack(0x0000005be6300000,0x0000005be6400000)]
  0x00000256fc5dcc90 JavaThread "Sweeper thread" daemon [_thread_blocked, id=26468, stack(0x0000005be6400000,0x0000005be6500000)]
  0x00000256fd0d98d0 JavaThread "Common-Cleaner" daemon [_thread_blocked, id=4256, stack(0x0000005be6500000,0x0000005be6600000)]
  0x00000256fd170890 JavaThread "Monitor Ctrl-Break" daemon [_thread_in_native, id=4692, stack(0x0000005be6900000,0x0000005be6a00000)]
  0x00000256fd171110 JavaThread "Notification Thread" daemon [_thread_blocked, id=9804, stack(0x0000005be6a00000,0x0000005be6b00000)]
  0x00000256fd39c910 JavaThread "Java2D Disposer" daemon [_thread_blocked, id=31268, stack(0x0000005be6c00000,0x0000005be6d00000)]
  0x00000256fd3a1270 JavaThread "AWT-Shutdown" [_thread_blocked, id=6864, stack(0x0000005be6d00000,0x0000005be6e00000)]
  0x00000256fdbb4530 JavaThread "AWT-EventQueue-0" [_thread_blocked, id=30584, stack(0x0000005be7b00000,0x0000005be7c00000)]
=>0x00000256fdf0ad70 JavaThread "Animation Thread" [_thread_in_native, id=26580, stack(0x0000005be7e00000,0x0000005be7f00000)]
  0x00000256fdf0ca50 JavaThread "DestroyJavaVM" [_thread_blocked, id=17088, stack(0x0000005be5500000,0x0000005be5600000)]
  0x00000256fdf0d3f0 JavaThread "SIGINT handler" daemon [_thread_blocked, id=17252, stack(0x0000005be6600000,0x0000005be6700000)]
  0x00000256fdf0b710 JavaThread "ToolkitShutdown" daemon [_thread_in_native, id=20648, stack(0x0000005be6800000,0x0000005be6900000)]

Other Threads:
  0x00000256fc5a8940 VMThread "VM Thread" [stack: 0x0000005be5b00000,0x0000005be5c00000] [id=27932]
  0x00000256fd172270 WatcherThread [stack: 0x0000005be6b00000,0x0000005be6c00000] [id=22920]
  0x00000256d92dd260 GCTaskThread "GC Thread#0" [stack: 0x0000005be5600000,0x0000005be5700000] [id=15644]
  0x00000256fd23a6c0 GCTaskThread "GC Thread#1" [stack: 0x0000005be7f00000,0x0000005be8000000] [id=24048]
  0x00000256fe01b6d0 GCTaskThread "GC Thread#2" [stack: 0x0000005be8100000,0x0000005be8200000] [id=2120]
  0x00000256fe01b980 GCTaskThread "GC Thread#3" [stack: 0x0000005be8200000,0x0000005be8300000] [id=24648]
  0x00000256fe12f5b0 GCTaskThread "GC Thread#4" [stack: 0x0000005be8300000,0x0000005be8400000] [id=18752]
  0x00000256fe12eaf0 GCTaskThread "GC Thread#5" [stack: 0x0000005be8400000,0x0000005be8500000] [id=19812]
  0x00000256fe12f860 GCTaskThread "GC Thread#6" [stack: 0x0000005be8500000,0x0000005be8600000] [id=23108]
  0x00000256fe12fdc0 GCTaskThread "GC Thread#7" [stack: 0x0000005be8600000,0x0000005be8700000] [id=16576]
  0x00000256fe12f050 GCTaskThread "GC Thread#8" [stack: 0x0000005be8700000,0x0000005be8800000] [id=20116]
  0x00000256fe12e840 GCTaskThread "GC Thread#9" [stack: 0x0000005be8800000,0x0000005be8900000] [id=26384]
  0x00000256fe12fb10 GCTaskThread "GC Thread#10" [stack: 0x0000005be8900000,0x0000005be8a00000] [id=17504]
  0x00000256d92ed740 ConcurrentGCThread "G1 Main Marker" [stack: 0x0000005be5700000,0x0000005be5800000] [id=23000]
  0x00000256d92f0f80 ConcurrentGCThread "G1 Conc#0" [stack: 0x0000005be5800000,0x0000005be5900000] [id=28744]
  0x00000256fc4730e0 ConcurrentGCThread "G1 Refine#0" [stack: 0x0000005be5900000,0x0000005be5a00000] [id=6208]
  0x00000256fc473520 ConcurrentGCThread "G1 Service" [stack: 0x0000005be5a00000,0x0000005be5b00000] [id=9476]

Threads with active compile tasks:

VM state: not at safepoint (normal execution)

VM Mutex/Monitor currently owned by a thread: None

Heap address: 0x0000000709600000, size: 3946 MB, Compressed Oops mode: Zero based, Oop shift amount: 3

CDS archive(s) mapped at: [0x0000000800000000-0x0000000800bc0000-0x0000000800bc0000), size 12320768, SharedBaseAddress: 0x0000000800000000, ArchiveRelocationMode: 0.
Compressed class space mapped at: 0x0000000800c00000-0x0000000840c00000, reserved size: 1073741824
Narrow klass base: 0x0000000800000000, Narrow klass shift: 0, Narrow klass range: 0x100000000

GC Precious Log:
 CPUs: 16 total, 16 available
 Memory: 15776M
 Large Page Support: Disabled
 NUMA Support: Disabled
 Compressed Oops: Enabled (Zero based)
 Heap Region Size: 2M
 Heap Min Capacity: 8M
 Heap Initial Capacity: 248M
 Heap Max Capacity: 3946M
 Pre-touch: Disabled
 Parallel Workers: 13
 Concurrent Workers: 3
 Concurrent Refinement Workers: 13
 Periodic GC: Disabled

Heap:
 garbage-first heap   total 253952K, used 55410K [0x0000000709600000, 0x0000000800000000)
  region size 2048K, 25 young (51200K), 1 survivors (2048K)
 Metaspace       used 9946K, committed 10176K, reserved 1064960K
  class space    used 1002K, committed 1152K, reserved 1048576K

Heap Regions: E=young(eden), S=young(survivor), O=old, HS=humongous(starts), HC=humongous(continues), CS=collection set, F=free, OA=open archive, CA=closed archive, TAMS=top-at-mark-start (previous, next)
|   0|0x0000000709600000, 0x0000000709800000, 0x0000000709800000|100%|HS|  |TAMS 0x0000000709600000, 0x0000000709600000| Complete 
|   1|0x0000000709800000, 0x0000000709a00000, 0x0000000709a00000|100%|HS|  |TAMS 0x0000000709800000, 0x0000000709800000| Complete 
|   2|0x0000000709a00000, 0x0000000709c00000, 0x0000000709c00000|100%| O|  |TAMS 0x0000000709a00000, 0x0000000709a00000| Untracked 
|   3|0x0000000709c00000, 0x0000000709d90600, 0x0000000709e00000| 78%| O|  |TAMS 0x0000000709c00000, 0x0000000709c00000| Untracked 
|   4|0x0000000709e00000, 0x0000000709e00000, 0x000000070a000000|  0%| F|  |TAMS 0x0000000709e00000, 0x0000000709e00000| Untracked 
|   5|0x000000070a000000, 0x000000070a000000, 0x000000070a200000|  0%| F|  |TAMS 0x000000070a000000, 0x000000070a000000| Untracked 
|   6|0x000000070a200000, 0x000000070a200000, 0x000000070a400000|  0%| F|  |TAMS 0x000000070a200000, 0x000000070a200000| Untracked 
|   7|0x000000070a400000, 0x000000070a400000, 0x000000070a600000|  0%| F|  |TAMS 0x000000070a400000, 0x000000070a400000| Untracked 
|   8|0x000000070a600000, 0x000000070a600000, 0x000000070a800000|  0%| F|  |TAMS 0x000000070a600000, 0x000000070a600000| Untracked 
|   9|0x000000070a800000, 0x000000070a800000, 0x000000070aa00000|  0%| F|  |TAMS 0x000000070a800000, 0x000000070a800000| Untracked 
|  10|0x000000070aa00000, 0x000000070aa00000, 0x000000070ac00000|  0%| F|  |TAMS 0x000000070aa00000, 0x000000070aa00000| Untracked 
|  11|0x000000070ac00000, 0x000000070ac00000, 0x000000070ae00000|  0%| F|  |TAMS 0x000000070ac00000, 0x000000070ac00000| Untracked 
|  12|0x000000070ae00000, 0x000000070ae00000, 0x000000070b000000|  0%| F|  |TAMS 0x000000070ae00000, 0x000000070ae00000| Untracked 
|  13|0x000000070b000000, 0x000000070b000000, 0x000000070b200000|  0%| F|  |TAMS 0x000000070b000000, 0x000000070b000000| Untracked 
|  14|0x000000070b200000, 0x000000070b200000, 0x000000070b400000|  0%| F|  |TAMS 0x000000070b200000, 0x000000070b200000| Untracked 
|  15|0x000000070b400000, 0x000000070b400000, 0x000000070b600000|  0%| F|  |TAMS 0x000000070b400000, 0x000000070b400000| Untracked 
|  16|0x000000070b600000, 0x000000070b600000, 0x000000070b800000|  0%| F|  |TAMS 0x000000070b600000, 0x000000070b600000| Untracked 
|  17|0x000000070b800000, 0x000000070b800000, 0x000000070ba00000|  0%| F|  |TAMS 0x000000070b800000, 0x000000070b800000| Untracked 
|  18|0x000000070ba00000, 0x000000070ba00000, 0x000000070bc00000|  0%| F|  |TAMS 0x000000070ba00000, 0x000000070ba00000| Untracked 
|  19|0x000000070bc00000, 0x000000070bc00000, 0x000000070be00000|  0%| F|  |TAMS 0x000000070bc00000, 0x000000070bc00000| Untracked 
|  20|0x000000070be00000, 0x000000070be00000, 0x000000070c000000|  0%| F|  |TAMS 0x000000070be00000, 0x000000070be00000| Untracked 
|  21|0x000000070c000000, 0x000000070c000000, 0x000000070c200000|  0%| F|  |TAMS 0x000000070c000000, 0x000000070c000000| Untracked 
|  22|0x000000070c200000, 0x000000070c200000, 0x000000070c400000|  0%| F|  |TAMS 0x000000070c200000, 0x000000070c200000| Untracked 
|  23|0x000000070c400000, 0x000000070c400000, 0x000000070c600000|  0%| F|  |TAMS 0x000000070c400000, 0x000000070c400000| Untracked 
|  24|0x000000070c600000, 0x000000070c600000, 0x000000070c800000|  0%| F|  |TAMS 0x000000070c600000, 0x000000070c600000| Untracked 
|  25|0x000000070c800000, 0x000000070c800000, 0x000000070ca00000|  0%| F|  |TAMS 0x000000070c800000, 0x000000070c800000| Untracked 
|  26|0x000000070ca00000, 0x000000070ca00000, 0x000000070cc00000|  0%| F|  |TAMS 0x000000070ca00000, 0x000000070ca00000| Untracked 
|  27|0x000000070cc00000, 0x000000070cc00000, 0x000000070ce00000|  0%| F|  |TAMS 0x000000070cc00000, 0x000000070cc00000| Untracked 
|  28|0x000000070ce00000, 0x000000070ce00000, 0x000000070d000000|  0%| F|  |TAMS 0x000000070ce00000, 0x000000070ce00000| Untracked 
|  29|0x000000070d000000, 0x000000070d000000, 0x000000070d200000|  0%| F|  |TAMS 0x000000070d000000, 0x000000070d000000| Untracked 
|  30|0x000000070d200000, 0x000000070d200000, 0x000000070d400000|  0%| F|  |TAMS 0x000000070d200000, 0x000000070d200000| Untracked 
|  31|0x000000070d400000, 0x000000070d400000, 0x000000070d600000|  0%| F|  |TAMS 0x000000070d400000, 0x000000070d400000| Untracked 
|  32|0x000000070d600000, 0x000000070d600000, 0x000000070d800000|  0%| F|  |TAMS 0x000000070d600000, 0x000000070d600000| Untracked 
|  33|0x000000070d800000, 0x000000070d800000, 0x000000070da00000|  0%| F|  |TAMS 0x000000070d800000, 0x000000070d800000| Untracked 
|  34|0x000000070da00000, 0x000000070da00000, 0x000000070dc00000|  0%| F|  |TAMS 0x000000070da00000, 0x000000070da00000| Untracked 
|  35|0x000000070dc00000, 0x000000070dc00000, 0x000000070de00000|  0%| F|  |TAMS 0x000000070dc00000, 0x000000070dc00000| Untracked 
|  36|0x000000070de00000, 0x000000070de00000, 0x000000070e000000|  0%| F|  |TAMS 0x000000070de00000, 0x000000070de00000| Untracked 
|  37|0x000000070e000000, 0x000000070e000000, 0x000000070e200000|  0%| F|  |TAMS 0x000000070e000000, 0x000000070e000000| Untracked 
|  38|0x000000070e200000, 0x000000070e200000, 0x000000070e400000|  0%| F|  |TAMS 0x000000070e200000, 0x000000070e200000| Untracked 
|  39|0x000000070e400000, 0x000000070e400000, 0x000000070e600000|  0%| F|  |TAMS 0x000000070e400000, 0x000000070e400000| Untracked 
|  40|0x000000070e600000, 0x000000070e600000, 0x000000070e800000|  0%| F|  |TAMS 0x000000070e600000, 0x000000070e600000| Untracked 
|  41|0x000000070e800000, 0x000000070e800000, 0x000000070ea00000|  0%| F|  |TAMS 0x000000070e800000, 0x000000070e800000| Untracked 
|  42|0x000000070ea00000, 0x000000070ea00000, 0x000000070ec00000|  0%| F|  |TAMS 0x000000070ea00000, 0x000000070ea00000| Untracked 
|  43|0x000000070ec00000, 0x000000070ec00000, 0x000000070ee00000|  0%| F|  |TAMS 0x000000070ec00000, 0x000000070ec00000| Untracked 
|  44|0x000000070ee00000, 0x000000070ee00000, 0x000000070f000000|  0%| F|  |TAMS 0x000000070ee00000, 0x000000070ee00000| Untracked 
|  45|0x000000070f000000, 0x000000070f000000, 0x000000070f200000|  0%| F|  |TAMS 0x000000070f000000, 0x000000070f000000| Untracked 
|  46|0x000000070f200000, 0x000000070f200000, 0x000000070f400000|  0%| F|  |TAMS 0x000000070f200000, 0x000000070f200000| Untracked 
|  47|0x000000070f400000, 0x000000070f400000, 0x000000070f600000|  0%| F|  |TAMS 0x000000070f400000, 0x000000070f400000| Untracked 
|  48|0x000000070f600000, 0x000000070f600000, 0x000000070f800000|  0%| F|  |TAMS 0x000000070f600000, 0x000000070f600000| Untracked 
|  49|0x000000070f800000, 0x000000070f800000, 0x000000070fa00000|  0%| F|  |TAMS 0x000000070f800000, 0x000000070f800000| Untracked 
|  50|0x000000070fa00000, 0x000000070fa00000, 0x000000070fc00000|  0%| F|  |TAMS 0x000000070fa00000, 0x000000070fa00000| Untracked 
|  51|0x000000070fc00000, 0x000000070fc00000, 0x000000070fe00000|  0%| F|  |TAMS 0x000000070fc00000, 0x000000070fc00000| Untracked 
|  52|0x000000070fe00000, 0x000000070fe00000, 0x0000000710000000|  0%| F|  |TAMS 0x000000070fe00000, 0x000000070fe00000| Untracked 
|  53|0x0000000710000000, 0x0000000710000000, 0x0000000710200000|  0%| F|  |TAMS 0x0000000710000000, 0x0000000710000000| Untracked 
|  54|0x0000000710200000, 0x0000000710200000, 0x0000000710400000|  0%| F|  |TAMS 0x0000000710200000, 0x0000000710200000| Untracked 
|  55|0x0000000710400000, 0x0000000710400000, 0x0000000710600000|  0%| F|  |TAMS 0x0000000710400000, 0x0000000710400000| Untracked 
|  56|0x0000000710600000, 0x0000000710600000, 0x0000000710800000|  0%| F|  |TAMS 0x0000000710600000, 0x0000000710600000| Untracked 
|  57|0x0000000710800000, 0x0000000710800000, 0x0000000710a00000|  0%| F|  |TAMS 0x0000000710800000, 0x0000000710800000| Untracked 
|  58|0x0000000710a00000, 0x0000000710a00000, 0x0000000710c00000|  0%| F|  |TAMS 0x0000000710a00000, 0x0000000710a00000| Untracked 
|  59|0x0000000710c00000, 0x0000000710c00000, 0x0000000710e00000|  0%| F|  |TAMS 0x0000000710c00000, 0x0000000710c00000| Untracked 
|  60|0x0000000710e00000, 0x0000000710e00000, 0x0000000711000000|  0%| F|  |TAMS 0x0000000710e00000, 0x0000000710e00000| Untracked 
|  61|0x0000000711000000, 0x0000000711000000, 0x0000000711200000|  0%| F|  |TAMS 0x0000000711000000, 0x0000000711000000| Untracked 
|  62|0x0000000711200000, 0x0000000711200000, 0x0000000711400000|  0%| F|  |TAMS 0x0000000711200000, 0x0000000711200000| Untracked 
|  63|0x0000000711400000, 0x0000000711400000, 0x0000000711600000|  0%| F|  |TAMS 0x0000000711400000, 0x0000000711400000| Untracked 
|  64|0x0000000711600000, 0x0000000711600000, 0x0000000711800000|  0%| F|  |TAMS 0x0000000711600000, 0x0000000711600000| Untracked 
|  65|0x0000000711800000, 0x0000000711800000, 0x0000000711a00000|  0%| F|  |TAMS 0x0000000711800000, 0x0000000711800000| Untracked 
|  66|0x0000000711a00000, 0x0000000711a00000, 0x0000000711c00000|  0%| F|  |TAMS 0x0000000711a00000, 0x0000000711a00000| Untracked 
|  67|0x0000000711c00000, 0x0000000711c00000, 0x0000000711e00000|  0%| F|  |TAMS 0x0000000711c00000, 0x0000000711c00000| Untracked 
|  68|0x0000000711e00000, 0x0000000711e00000, 0x0000000712000000|  0%| F|  |TAMS 0x0000000711e00000, 0x0000000711e00000| Untracked 
|  69|0x0000000712000000, 0x0000000712000000, 0x0000000712200000|  0%| F|  |TAMS 0x0000000712000000, 0x0000000712000000| Untracked 
|  70|0x0000000712200000, 0x0000000712200000, 0x0000000712400000|  0%| F|  |TAMS 0x0000000712200000, 0x0000000712200000| Untracked 
|  71|0x0000000712400000, 0x0000000712400000, 0x0000000712600000|  0%| F|  |TAMS 0x0000000712400000, 0x0000000712400000| Untracked 
|  72|0x0000000712600000, 0x0000000712600000, 0x0000000712800000|  0%| F|  |TAMS 0x0000000712600000, 0x0000000712600000| Untracked 
|  73|0x0000000712800000, 0x0000000712800000, 0x0000000712a00000|  0%| F|  |TAMS 0x0000000712800000, 0x0000000712800000| Untracked 
|  74|0x0000000712a00000, 0x0000000712a00000, 0x0000000712c00000|  0%| F|  |TAMS 0x0000000712a00000, 0x0000000712a00000| Untracked 
|  75|0x0000000712c00000, 0x0000000712c00000, 0x0000000712e00000|  0%| F|  |TAMS 0x0000000712c00000, 0x0000000712c00000| Untracked 
|  76|0x0000000712e00000, 0x0000000712e00000, 0x0000000713000000|  0%| F|  |TAMS 0x0000000712e00000, 0x0000000712e00000| Untracked 
|  77|0x0000000713000000, 0x0000000713000000, 0x0000000713200000|  0%| F|  |TAMS 0x0000000713000000, 0x0000000713000000| Untracked 
|  78|0x0000000713200000, 0x0000000713200000, 0x0000000713400000|  0%| F|  |TAMS 0x0000000713200000, 0x0000000713200000| Untracked 
|  79|0x0000000713400000, 0x0000000713400000, 0x0000000713600000|  0%| F|  |TAMS 0x0000000713400000, 0x0000000713400000| Untracked 
|  80|0x0000000713600000, 0x0000000713600000, 0x0000000713800000|  0%| F|  |TAMS 0x0000000713600000, 0x0000000713600000| Untracked 
|  81|0x0000000713800000, 0x0000000713800000, 0x0000000713a00000|  0%| F|  |TAMS 0x0000000713800000, 0x0000000713800000| Untracked 
|  82|0x0000000713a00000, 0x0000000713a00000, 0x0000000713c00000|  0%| F|  |TAMS 0x0000000713a00000, 0x0000000713a00000| Untracked 
|  83|0x0000000713c00000, 0x0000000713c00000, 0x0000000713e00000|  0%| F|  |TAMS 0x0000000713c00000, 0x0000000713c00000| Untracked 
|  84|0x0000000713e00000, 0x0000000713e00000, 0x0000000714000000|  0%| F|  |TAMS 0x0000000713e00000, 0x0000000713e00000| Untracked 
|  85|0x0000000714000000, 0x0000000714000000, 0x0000000714200000|  0%| F|  |TAMS 0x0000000714000000, 0x0000000714000000| Untracked 
|  86|0x0000000714200000, 0x0000000714200000, 0x0000000714400000|  0%| F|  |TAMS 0x0000000714200000, 0x0000000714200000| Untracked 
|  87|0x0000000714400000, 0x0000000714400000, 0x0000000714600000|  0%| F|  |TAMS 0x0000000714400000, 0x0000000714400000| Untracked 
|  88|0x0000000714600000, 0x0000000714600000, 0x0000000714800000|  0%| F|  |TAMS 0x0000000714600000, 0x0000000714600000| Untracked 
|  89|0x0000000714800000, 0x0000000714800000, 0x0000000714a00000|  0%| F|  |TAMS 0x0000000714800000, 0x0000000714800000| Untracked 
|  90|0x0000000714a00000, 0x0000000714a00000, 0x0000000714c00000|  0%| F|  |TAMS 0x0000000714a00000, 0x0000000714a00000| Untracked 
|  91|0x0000000714c00000, 0x0000000714c00000, 0x0000000714e00000|  0%| F|  |TAMS 0x0000000714c00000, 0x0000000714c00000| Untracked 
|  92|0x0000000714e00000, 0x0000000714e00000, 0x0000000715000000|  0%| F|  |TAMS 0x0000000714e00000, 0x0000000714e00000| Untracked 
|  93|0x0000000715000000, 0x0000000715000000, 0x0000000715200000|  0%| F|  |TAMS 0x0000000715000000, 0x0000000715000000| Untracked 
|  94|0x0000000715200000, 0x0000000715200000, 0x0000000715400000|  0%| F|  |TAMS 0x0000000715200000, 0x0000000715200000| Untracked 
|  95|0x0000000715400000, 0x0000000715400000, 0x0000000715600000|  0%| F|  |TAMS 0x0000000715400000, 0x0000000715400000| Untracked 
|  96|0x0000000715600000, 0x0000000715600000, 0x0000000715800000|  0%| F|  |TAMS 0x0000000715600000, 0x0000000715600000| Untracked 
|  97|0x0000000715800000, 0x0000000715800000, 0x0000000715a00000|  0%| F|  |TAMS 0x0000000715800000, 0x0000000715800000| Untracked 
|  98|0x0000000715a00000, 0x0000000715a00000, 0x0000000715c00000|  0%| F|  |TAMS 0x0000000715a00000, 0x0000000715a00000| Untracked 
|  99|0x0000000715c00000, 0x0000000715cd6158, 0x0000000715e00000| 41%| E|  |TAMS 0x0000000715c00000, 0x0000000715c00000| Complete 
| 100|0x0000000715e00000, 0x0000000716000000, 0x0000000716000000|100%| E|CS|TAMS 0x0000000715e00000, 0x0000000715e00000| Complete 
| 101|0x0000000716000000, 0x0000000716200000, 0x0000000716200000|100%| E|CS|TAMS 0x0000000716000000, 0x0000000716000000| Complete 
| 102|0x0000000716200000, 0x0000000716400000, 0x0000000716400000|100%| E|CS|TAMS 0x0000000716200000, 0x0000000716200000| Complete 
| 103|0x0000000716400000, 0x0000000716600000, 0x0000000716600000|100%| E|CS|TAMS 0x0000000716400000, 0x0000000716400000| Complete 
| 104|0x0000000716600000, 0x0000000716800000, 0x0000000716800000|100%| E|CS|TAMS 0x0000000716600000, 0x0000000716600000| Complete 
| 105|0x0000000716800000, 0x0000000716a00000, 0x0000000716a00000|100%| E|CS|TAMS 0x0000000716800000, 0x0000000716800000| Complete 
| 106|0x0000000716a00000, 0x0000000716a8c5e8, 0x0000000716c00000| 27%| S|CS|TAMS 0x0000000716a00000, 0x0000000716a00000| Complete 
| 107|0x0000000716c00000, 0x0000000716e00000, 0x0000000716e00000|100%| E|CS|TAMS 0x0000000716c00000, 0x0000000716c00000| Complete 
| 108|0x0000000716e00000, 0x0000000717000000, 0x0000000717000000|100%| E|CS|TAMS 0x0000000716e00000, 0x0000000716e00000| Complete 
| 109|0x0000000717000000, 0x0000000717200000, 0x0000000717200000|100%| E|CS|TAMS 0x0000000717000000, 0x0000000717000000| Complete 
| 110|0x0000000717200000, 0x0000000717400000, 0x0000000717400000|100%| E|CS|TAMS 0x0000000717200000, 0x0000000717200000| Complete 
| 111|0x0000000717400000, 0x0000000717600000, 0x0000000717600000|100%| E|CS|TAMS 0x0000000717400000, 0x0000000717400000| Complete 
| 112|0x0000000717600000, 0x0000000717800000, 0x0000000717800000|100%| E|CS|TAMS 0x0000000717600000, 0x0000000717600000| Complete 
| 113|0x0000000717800000, 0x0000000717a00000, 0x0000000717a00000|100%| E|CS|TAMS 0x0000000717800000, 0x0000000717800000| Complete 
| 114|0x0000000717a00000, 0x0000000717c00000, 0x0000000717c00000|100%| E|CS|TAMS 0x0000000717a00000, 0x0000000717a00000| Complete 
| 115|0x0000000717c00000, 0x0000000717e00000, 0x0000000717e00000|100%| E|CS|TAMS 0x0000000717c00000, 0x0000000717c00000| Complete 
| 116|0x0000000717e00000, 0x0000000718000000, 0x0000000718000000|100%| E|CS|TAMS 0x0000000717e00000, 0x0000000717e00000| Complete 
| 117|0x0000000718000000, 0x0000000718200000, 0x0000000718200000|100%| E|CS|TAMS 0x0000000718000000, 0x0000000718000000| Complete 
| 118|0x0000000718200000, 0x0000000718400000, 0x0000000718400000|100%| E|CS|TAMS 0x0000000718200000, 0x0000000718200000| Complete 
| 119|0x0000000718400000, 0x0000000718600000, 0x0000000718600000|100%| E|CS|TAMS 0x0000000718400000, 0x0000000718400000| Complete 
| 120|0x0000000718600000, 0x0000000718800000, 0x0000000718800000|100%| E|CS|TAMS 0x0000000718600000, 0x0000000718600000| Complete 
| 121|0x0000000718800000, 0x0000000718a00000, 0x0000000718a00000|100%| E|CS|TAMS 0x0000000718800000, 0x0000000718800000| Complete 
| 122|0x0000000718a00000, 0x0000000718c00000, 0x0000000718c00000|100%| E|CS|TAMS 0x0000000718a00000, 0x0000000718a00000| Complete 
| 123|0x0000000718c00000, 0x0000000718e00000, 0x0000000718e00000|100%| E|CS|TAMS 0x0000000718c00000, 0x0000000718c00000| Complete 

Card table byte_map: [0x00000256f0b30000,0x00000256f12f0000] _byte_map_base: 0x00000256ed2e5000

Marking Bits (Prev, Next): (CMBitMap*) 0x00000256d92dd780, (CMBitMap*) 0x00000256d92dd7c0
 Prev Bits: [0x00000256f1ab0000, 0x00000256f5858000)
 Next Bits: [0x00000256f5860000, 0x00000256f9608000)

Polling page: 0x00000256d7260000

Metaspace:

Usage:
  Non-class:      8.73 MB used.
      Class:   1002.49 KB used.
       Both:      9.71 MB used.

Virtual space:
  Non-class space:       16.00 MB reserved,       8.81 MB ( 55%) committed,  2 nodes.
      Class space:        1.00 GB reserved,       1.12 MB ( <1%) committed,  1 nodes.
             Both:        1.02 GB reserved,       9.94 MB ( <1%) committed. 

Chunk freelists:
   Non-Class:  2.88 MB
       Class:  2.75 MB
        Both:  5.62 MB

MaxMetaspaceSize: unlimited
CompressedClassSpaceSize: 1.00 GB
Initial GC threshold: 21.00 MB
Current GC threshold: 21.00 MB
CDS: on
MetaspaceReclaimPolicy: balanced
 - commit_granule_bytes: 65536.
 - commit_granule_words: 8192.
 - virtual_space_node_default_size: 1048576.
 - enlarge_chunks_in_place: 1.
 - new_chunks_are_fully_committed: 0.
 - uncommit_free_chunks: 1.
 - use_allocation_guard: 0.
 - handle_deallocations: 1.


Internal statistics:

num_allocs_failed_limit: 0.
num_arena_births: 130.
num_arena_deaths: 0.
num_vsnodes_births: 3.
num_vsnodes_deaths: 0.
num_space_committed: 159.
num_space_uncommitted: 0.
num_chunks_returned_to_freelist: 0.
num_chunks_taken_from_freelist: 213.
num_chunk_merges: 0.
num_chunk_splits: 133.
num_chunks_enlarged: 81.
num_purges: 0.
num_inconsistent_stats: 0.

CodeHeap 'non-profiled nmethods': size=119168Kb used=964Kb max_used=964Kb free=118203Kb
 bounds [0x00000256e8690000, 0x00000256e8900000, 0x00000256efaf0000]
CodeHeap 'profiled nmethods': size=119104Kb used=3072Kb max_used=3072Kb free=116031Kb
 bounds [0x00000256e1240000, 0x00000256e1550000, 0x00000256e8690000]
CodeHeap 'non-nmethods': size=7488Kb used=1298Kb max_used=3027Kb free=6189Kb
 bounds [0x00000256e0af0000, 0x00000256e0df0000, 0x00000256e1240000]
 total_blobs=2487 nmethods=1855 adapters=545
 compilation: enabled
              stopped_count=0, restarted_count=0
 full_count=0

Compilation events (20 events):
Event: 33.465 Thread 0x00000256fc5c8da0 1847       4       java.util.Arrays::copyOf (40 bytes)
Event: 33.469 Thread 0x00000256fc5c8da0 nmethod 1847 0x00000256e877fd10 code [0x00000256e877fea0, 0x00000256e87802d8]
Event: 34.169 Thread 0x00000256fc5d4790 1848       3       java.lang.Class::getComponentType (14 bytes)
Event: 34.169 Thread 0x00000256fc5d4790 nmethod 1848 0x00000256e153a610 code [0x00000256e153a7c0, 0x00000256e153a988]
Event: 34.557 Thread 0x00000256fc5d4790 1849       3       java.util.HashMap$TreeNode::treeify (221 bytes)
Event: 34.558 Thread 0x00000256fc5d4790 nmethod 1849 0x00000256e153aa10 code [0x00000256e153ac60, 0x00000256e153b888]
Event: 34.656 Thread 0x00000256fc5c8da0 1850       4       java.util.Arrays::copyOf (40 bytes)
Event: 34.660 Thread 0x00000256fc5c8da0 nmethod 1850 0x00000256e8780510 code [0x00000256e87806a0, 0x00000256e8780b38]
Event: 34.989 Thread 0x00000256fc5d4790 1851       3       java.util.HashMap$TreeNode::untreeify (52 bytes)
Event: 34.990 Thread 0x00000256fc5d4790 nmethod 1851 0x00000256e153bc10 code [0x00000256e153bde0, 0x00000256e153c188]
Event: 36.556 Thread 0x00000256fc5d4790 1852       3       Entity::<init> (25 bytes)
Event: 36.556 Thread 0x00000256fc5d4790 nmethod 1852 0x00000256e153c310 code [0x00000256e153c4c0, 0x00000256e153c758]
Event: 41.814 Thread 0x00000256fc5d4790 1853       3       java.security.AccessControlContext::optimize (319 bytes)
Event: 41.816 Thread 0x00000256fc5d4790 nmethod 1853 0x00000256e153c810 code [0x00000256e153cb80, 0x00000256e153e198]
Event: 41.816 Thread 0x00000256fc5d4790 1854  s    3       java.awt.Toolkit::getDefaultToolkit (53 bytes)
Event: 41.817 Thread 0x00000256fc5d4790 nmethod 1854 0x00000256e153e810 code [0x00000256e153eb00, 0x00000256e153fbe8]
Event: 41.819 Thread 0x00000256fc5d4790 1855       1       java.beans.PropertyChangeEvent::getNewValue (5 bytes)
Event: 41.819 Thread 0x00000256fc5d4790 nmethod 1855 0x00000256e8780d90 code [0x00000256e8780f20, 0x00000256e8780ff8]
Event: 41.819 Thread 0x00000256fc5d4790 1856       1       java.beans.PropertyChangeEvent::getOldValue (5 bytes)
Event: 41.819 Thread 0x00000256fc5d4790 nmethod 1856 0x00000256e8781090 code [0x00000256e8781220, 0x00000256e87812f8]

GC Heap History (4 events):
Event: 1.719 GC heap before
{Heap before GC invocations=0 (full 0):
 garbage-first heap   total 253952K, used 26624K [0x0000000709600000, 0x0000000800000000)
  region size 2048K, 11 young (22528K), 0 survivors (0K)
 Metaspace       used 9662K, committed 9920K, reserved 1064960K
  class space    used 1000K, committed 1152K, reserved 1048576K
}
Event: 1.726 GC heap after
{Heap after GC invocations=1 (full 0):
 garbage-first heap   total 253952K, used 7916K [0x0000000709600000, 0x0000000800000000)
  region size 2048K, 2 young (4096K), 2 survivors (4096K)
 Metaspace       used 9662K, committed 9920K, reserved 1064960K
  class space    used 1000K, committed 1152K, reserved 1048576K
}
Event: 23.854 GC heap before
{Heap before GC invocations=1 (full 0):
 garbage-first heap   total 253952K, used 38636K [0x0000000709600000, 0x0000000800000000)
  region size 2048K, 17 young (34816K), 2 survivors (4096K)
 Metaspace       used 9914K, committed 10112K, reserved 1064960K
  class space    used 1000K, committed 1152K, reserved 1048576K
}
Event: 23.859 GC heap after
{Heap after GC invocations=2 (full 0):
 garbage-first heap   total 253952K, used 8306K [0x0000000709600000, 0x0000000800000000)
  region size 2048K, 1 young (2048K), 1 survivors (2048K)
 Metaspace       used 9914K, committed 10112K, reserved 1064960K
  class space    used 1000K, committed 1152K, reserved 1048576K
}

Deoptimization events (20 events):
Event: 15.003 Thread 0x00000256fdf0ad70 Uncommon trap: trap_request=0xffffffc6 fr.pc=0x00000256e87641fc relative=0x00000000000041bc
Event: 15.003 Thread 0x00000256fdf0ad70 Uncommon trap: reason=bimorphic_or_optimized_type_check action=maybe_recompile pc=0x00000256e87641fc method=Trackers.lambda$nextPosition$0(LWorldModel;LPoint;)Z @ 3 c2
Event: 15.003 Thread 0x00000256fdf0ad70 DEOPT PACKING pc=0x00000256e87641fc sp=0x0000005be7efec60
Event: 15.003 Thread 0x00000256fdf0ad70 DEOPT UNPACKING pc=0x00000256e0b423a3 sp=0x0000005be7efeb60 mode 2
Event: 30.255 Thread 0x00000256fdf0ad70 Uncommon trap: trap_request=0xffffff45 fr.pc=0x00000256e87435f8 relative=0x00000000000002b8
Event: 30.255 Thread 0x00000256fdf0ad70 Uncommon trap: reason=unstable_if action=reinterpret pc=0x00000256e87435f8 method=java.util.PriorityQueue.removeAt(I)Ljava/lang/Object; @ 75 c2
Event: 30.255 Thread 0x00000256fdf0ad70 DEOPT PACKING pc=0x00000256e87435f8 sp=0x0000005be7efed20
Event: 30.255 Thread 0x00000256fdf0ad70 DEOPT UNPACKING pc=0x00000256e0b423a3 sp=0x0000005be7efec70 mode 2
Event: 33.566 Thread 0x00000256fde94210 Uncommon trap: trap_request=0xffffffcc fr.pc=0x00000256e878008c relative=0x00000000000001ec
Event: 33.566 Thread 0x00000256fde94210 Uncommon trap: reason=intrinsic_or_type_checked_inlining action=make_not_entrant pc=0x00000256e878008c method=java.util.Arrays.copyOf([Ljava/lang/Object;ILjava/lang/Class;)[Ljava/lang/Object; @ 35 c2
Event: 33.566 Thread 0x00000256fde94210 DEOPT PACKING pc=0x00000256e878008c sp=0x0000005be7dff5c0
Event: 33.566 Thread 0x00000256fde94210 DEOPT UNPACKING pc=0x00000256e0b423a3 sp=0x0000005be7dff550 mode 2
Event: 41.814 Thread 0x00000256fd3a5fd0 Uncommon trap: trap_request=0xffffffde fr.pc=0x00000256e86ecd4c relative=0x00000000000000ac
Event: 41.814 Thread 0x00000256fd3a5fd0 Uncommon trap: reason=class_check action=maybe_recompile pc=0x00000256e86ecd4c method=java.util.WeakHashMap.hash(Ljava/lang/Object;)I @ 1 c2
Event: 41.814 Thread 0x00000256fd3a5fd0 DEOPT PACKING pc=0x00000256e86ecd4c sp=0x0000005be6efe0e0
Event: 41.814 Thread 0x00000256fd3a5fd0 DEOPT UNPACKING pc=0x00000256e0b423a3 sp=0x0000005be6efe068 mode 2
Event: 41.814 Thread 0x00000256fdbb4530 Uncommon trap: trap_request=0xffffff45 fr.pc=0x00000256e877af2c relative=0x000000000000008c
Event: 41.814 Thread 0x00000256fdbb4530 Uncommon trap: reason=unstable_if action=reinterpret pc=0x00000256e877af2c method=sun.awt.AWTAutoShutdown.isReadyToShutdown()Z @ 4 c2
Event: 41.814 Thread 0x00000256fdbb4530 DEOPT PACKING pc=0x00000256e877af2c sp=0x0000005be7bff1b0
Event: 41.814 Thread 0x00000256fdbb4530 DEOPT UNPACKING pc=0x00000256e0b423a3 sp=0x0000005be7bff150 mode 2

Classes unloaded (0 events):
No events

Classes redefined (0 events):
No events

Internal exceptions (16 events):
Event: 0.105 Thread 0x00000256fd170890 Exception <a 'java/lang/NoSuchMethodError'{0x0000000718a75988}: 'java.lang.Object java.lang.invoke.DirectMethodHandle$Holder.invokeStaticInit(java.lang.Object)'> (0x0000000718a75988) 
thrown [t:\workspace\open\src\hotspot\share\interpreter\linkResolver.cpp, line 766]
Event: 0.114 Thread 0x00000256fd170890 Exception <a 'java/lang/NoSuchMethodError'{0x0000000718a83698}: 'void java.lang.invoke.DirectMethodHandle$Holder.invokeStatic(java.lang.Object, java.lang.Object)'> (0x0000000718a83698) 
thrown [t:\workspace\open\src\hotspot\share\interpreter\linkResolver.cpp, line 766]
Event: 0.130 Thread 0x00000256d928e160 Exception <a 'java/lang/ClassNotFoundException'{0x0000000718b21600}: sun/awt/resources/spi/awtProvider> (0x0000000718b21600) 
thrown [t:\workspace\open\src\hotspot\share\classfile\systemDictionary.cpp, line 256]
Event: 0.162 Thread 0x00000256d928e160 Exception <a 'java/io/FileNotFoundException'{0x0000000718b76cf8}> (0x0000000718b76cf8) 
thrown [t:\workspace\open\src\hotspot\share\prims\jni.cpp, line 516]
Event: 0.170 Thread 0x00000256d928e160 Exception <a 'java/io/FileNotFoundException'{0x000000071882c7f8}> (0x000000071882c7f8) 
thrown [t:\workspace\open\src\hotspot\share\prims\jni.cpp, line 516]
Event: 0.315 Thread 0x00000256d928e160 Exception <a 'java/lang/NoSuchMethodError'{0x0000000718644a98}: 'void java.lang.invoke.DirectMethodHandle$Holder.invokeSpecial(java.lang.Object, java.lang.Object, java.lang.Object)'> (0x0000000718644a98) 
thrown [t:\workspace\open\src\hotspot\share\interpreter\linkResolver.cpp, line 766]
Event: 0.323 Thread 0x00000256d928e160 Exception <a 'java/lang/NoSuchMethodError'{0x000000071866edf0}: 'java.lang.Object java.lang.invoke.DirectMethodHandle$Holder.newInvokeSpecial(java.lang.Object, java.lang.Object, java.lang.Object, java.lang.Object, java.lang.Object)'> (0x000000071866edf0) 
thrown [t:\workspace\open\src\hotspot\share\interpreter\linkResolver.cpp, line 766]
Event: 0.325 Thread 0x00000256d928e160 Exception <a 'java/lang/NoSuchMethodError'{0x000000071867abb8}: 'java.lang.Object java.lang.invoke.DirectMethodHandle$Holder.invokeStatic(java.lang.Object, int, java.lang.Object, java.lang.Object, java.lang.Object, java.lang.Object)'> (0x000000071867abb8) 
thrown [t:\workspace\open\src\hotspot\share\interpreter\linkResolver.cpp, line 766]
Event: 0.329 Thread 0x00000256d928e160 Exception <a 'java/lang/NoSuchMethodError'{0x00000007186a02d8}: 'java.lang.Object java.lang.invoke.DirectMethodHandle$Holder.invokeStatic(java.lang.Object, int, java.lang.Object)'> (0x00000007186a02d8) 
thrown [t:\workspace\open\src\hotspot\share\interpreter\linkResolver.cpp, line 766]
Event: 0.356 Thread 0x00000256d928e160 Exception <a 'java/lang/ClassNotFoundException'{0x0000000718757c30}: com/sun/swing/internal/plaf/metal/resources/spi/metalProvider> (0x0000000718757c30) 
thrown [t:\workspace\open\src\hotspot\share\classfile\systemDictionary.cpp, line 256]
Event: 0.356 Thread 0x00000256d928e160 Exception <a 'java/lang/ClassNotFoundException'{0x000000071875bad8}: com/sun/swing/internal/plaf/basic/resources/spi/basicProvider> (0x000000071875bad8) 
thrown [t:\workspace\open\src\hotspot\share\classfile\systemDictionary.cpp, line 256]
Event: 0.374 Thread 0x00000256fd3a5fd0 Exception <a 'java/lang/NoSuchMethodError'{0x0000000718880b70}: 'void java.lang.invoke.DirectMethodHandle$Holder.invokeVirtual(java.lang.Object, java.lang.Object)'> (0x0000000718880b70) 
thrown [t:\workspace\open\src\hotspot\share\interpreter\linkResolver.cpp, line 766]
Event: 0.391 Thread 0x00000256d928e160 Exception <a 'java/lang/NoSuchMethodError'{0x000000071879f088}: 'void java.lang.invoke.DirectMethodHandle$Holder.invokeStaticInit(java.lang.Object)'> (0x000000071879f088) 
thrown [t:\workspace\open\src\hotspot\share\interpreter\linkResolver.cpp, line 766]
Event: 0.591 Thread 0x00000256fdf0ad70 Exception <a 'java/lang/NoSuchMethodError'{0x00000007180a2db8}: 'java.lang.Object java.lang.invoke.DirectMethodHandle$Holder.invokeStaticInit(java.lang.Object, int, int, int, int)'> (0x00000007180a2db8) 
thrown [t:\workspace\open\src\hotspot\share\interpreter\linkResolver.cpp, line 766]
Event: 0.662 Thread 0x00000256fdf0ad70 Exception <a 'java/lang/NoSuchMethodError'{0x00000007180d7970}: 'java.lang.Object java.lang.invoke.DirectMethodHandle$Holder.invokeStaticInit(java.lang.Object, java.lang.Object, int, int, int, int)'> (0x00000007180d7970) 
thrown [t:\workspace\open\src\hotspot\share\interpreter\linkResolver.cpp, line 766]
Event: 0.680 Thread 0x00000256fdbc4910 Exception <a 'java/lang/NoSuchMethodError'{0x00000007182c2038}: 'java.lang.Object java.lang.invoke.DirectMethodHandle$Holder.newInvokeSpecial(java.lang.Object, java.lang.Object, java.lang.Object, int, int, int, int, int)'> (0x00000007182c2038) 
thrown [t:\workspace\open\src\hotspot\share\interpreter\linkResolver.cpp, line 766]

VM Operations (20 events):
Event: 11.745 Executing VM operation: Cleanup
Event: 11.745 Executing VM operation: Cleanup done
Event: 12.745 Executing VM operation: Cleanup
Event: 12.745 Executing VM operation: Cleanup done
Event: 13.746 Executing VM operation: Cleanup
Event: 13.746 Executing VM operation: Cleanup done
Event: 14.746 Executing VM operation: Cleanup
Event: 14.746 Executing VM operation: Cleanup done
Event: 15.747 Executing VM operation: Cleanup
Event: 15.747 Executing VM operation: Cleanup done
Event: 17.748 Executing VM operation: Cleanup
Event: 17.748 Executing VM operation: Cleanup done
Event: 19.749 Executing VM operation: Cleanup
Event: 19.749 Executing VM operation: Cleanup done
Event: 23.854 Executing VM operation: G1CollectForAllocation
Event: 23.859 Executing VM operation: G1CollectForAllocation done
Event: 27.861 Executing VM operation: Cleanup
Event: 27.861 Executing VM operation: Cleanup done
Event: 41.867 Executing VM operation: Cleanup
Event: 41.867 Executing VM operation: Cleanup done

Events (20 events):
Event: 5.520 Thread 0x00000256fdc7d3a0 Thread exited: 0x00000256fdc7d3a0
Event: 5.775 Thread 0x00000256fdf0cf20 Thread exited: 0x00000256fdf0cf20
Event: 5.775 Thread 0x00000256fdbc4910 Thread exited: 0x00000256fdbc4910
Event: 5.786 Thread 0x00000256fd0e93b0 Thread exited: 0x00000256fd0e93b0
Event: 5.786 Thread 0x00000256fd0e0dd0 Thread exited: 0x00000256fd0e0dd0
Event: 6.736 Thread 0x00000256fc595db0 Thread exited: 0x00000256fc595db0
Event: 41.991 loading class jdk/internal/misc/Signal$1
Event: 41.991 loading class jdk/internal/misc/Signal$1 done
Event: 41.991 Thread 0x00000256fdf0d3f0 Thread added: 0x00000256fdf0d3f0
Event: 41.991 Thread 0x00000256fdf0dd90 Thread added: 0x00000256fdf0dd90
Event: 41.991 Thread 0x00000256fdf0b710 Thread added: 0x00000256fdf0b710
Event: 41.991 Thread 0x00000256fdf0e260 Thread added: 0x00000256fdf0e260
Event: 41.992 Thread 0x00000256fdf0dd90 Thread exited: 0x00000256fdf0dd90
Event: 41.992 Thread 0x00000256fde94210 Thread exited: 0x00000256fde94210
Event: 41.992 loading class java/util/WeakHashMap$KeyIterator
Event: 41.992 loading class java/util/WeakHashMap$HashIterator
Event: 41.992 loading class java/util/WeakHashMap$HashIterator done
Event: 41.992 loading class java/util/WeakHashMap$KeyIterator done
Event: 41.992 Thread 0x00000256fdf0e260 Thread exited: 0x00000256fdf0e260
Event: 42.010 Thread 0x00000256fd3a5fd0 Thread exited: 0x00000256fd3a5fd0


Dynamic libraries:
0x00007ff7a5670000 - 0x00007ff7a5680000 	C:\Program Files\Java\jdk-17.0.2\bin\java.exe
0x00007ffee6160000 - 0x00007ffee6369000 	C:\WINDOWS\SYSTEM32\ntdll.dll
0x00007ffee5450000 - 0x00007ffee550d000 	C:\WINDOWS\System32\KERNEL32.DLL
0x00007ffee3860000 - 0x00007ffee3bd4000 	C:\WINDOWS\System32\KERNELBASE.dll
0x00007ffee3d00000 - 0x00007ffee3e11000 	C:\WINDOWS\System32\ucrtbase.dll
0x00007ffee0d00000 - 0x00007ffee0d18000 	C:\Program Files\Java\jdk-17.0.2\bin\jli.dll
0x00007ffee0cc0000 - 0x00007ffee0cda000 	C:\Program Files\Java\jdk-17.0.2\bin\VCRUNTIME140.dll
0x00007ffee4060000 - 0x00007ffee410e000 	C:\WINDOWS\System32\ADVAPI32.dll
0x00007ffee5900000 - 0x00007ffee59a3000 	C:\WINDOWS\System32\msvcrt.dll
0x00007ffee5ee0000 - 0x00007ffee5f7e000 	C:\WINDOWS\System32\sechost.dll
0x00007ffee5d30000 - 0x00007ffee5e50000 	C:\WINDOWS\System32\RPCRT4.dll
0x00007ffee52a0000 - 0x00007ffee544c000 	C:\WINDOWS\System32\USER32.dll
0x00007ffeca840000 - 0x00007ffecaae5000 	C:\WINDOWS\WinSxS\amd64_microsoft.windows.common-controls_6595b64144ccf1df_6.0.22000.120_none_9d947278b86cc467\COMCTL32.dll
0x00007ffee3be0000 - 0x00007ffee3c06000 	C:\WINDOWS\System32\win32u.dll
0x00007ffee4460000 - 0x00007ffee4489000 	C:\WINDOWS\System32\GDI32.dll
0x00007ffee3e20000 - 0x00007ffee3f32000 	C:\WINDOWS\System32\gdi32full.dll
0x00007ffee3650000 - 0x00007ffee36ed000 	C:\WINDOWS\System32\msvcp_win.dll
0x00007ffedbd90000 - 0x00007ffedbd9a000 	C:\WINDOWS\SYSTEM32\VERSION.dll
0x00007ffee58b0000 - 0x00007ffee58e1000 	C:\WINDOWS\System32\IMM32.DLL
0x00007ffee0d80000 - 0x00007ffee0d8c000 	C:\Program Files\Java\jdk-17.0.2\bin\vcruntime140_1.dll
0x00007ffed2de0000 - 0x00007ffed2e6d000 	C:\Program Files\Java\jdk-17.0.2\bin\msvcp140.dll
0x00007ffe7d0e0000 - 0x00007ffe7dca1000 	C:\Program Files\Java\jdk-17.0.2\bin\server\jvm.dll
0x00007ffee4d20000 - 0x00007ffee4d28000 	C:\WINDOWS\System32\PSAPI.DLL
0x00007ffed0490000 - 0x00007ffed0499000 	C:\WINDOWS\SYSTEM32\WSOCK32.dll
0x00007ffee0b70000 - 0x00007ffee0ba3000 	C:\WINDOWS\SYSTEM32\WINMM.dll
0x00007ffee5720000 - 0x00007ffee578f000 	C:\WINDOWS\System32\WS2_32.dll
0x00007ffee27a0000 - 0x00007ffee27b8000 	C:\WINDOWS\SYSTEM32\kernel.appcore.dll
0x00007ffee0cb0000 - 0x00007ffee0cba000 	C:\Program Files\Java\jdk-17.0.2\bin\jimage.dll
0x00007ffee0940000 - 0x00007ffee0b61000 	C:\WINDOWS\SYSTEM32\DBGHELP.DLL
0x00007ffee0900000 - 0x00007ffee0931000 	C:\WINDOWS\SYSTEM32\dbgcore.DLL
0x00007ffee3c80000 - 0x00007ffee3cff000 	C:\WINDOWS\System32\bcryptPrimitives.dll
0x00007ffed5560000 - 0x00007ffed556e000 	C:\Program Files\Java\jdk-17.0.2\bin\instrument.dll
0x00007ffedf480000 - 0x00007ffedf4a5000 	C:\Program Files\Java\jdk-17.0.2\bin\java.dll
0x00007ffecee50000 - 0x00007ffecef26000 	C:\Program Files\Java\jdk-17.0.2\bin\jsvml.dll
0x00007ffee4510000 - 0x00007ffee4cbe000 	C:\WINDOWS\System32\SHELL32.dll
0x00007ffee1780000 - 0x00007ffee1fe8000 	C:\WINDOWS\SYSTEM32\windows.storage.dll
0x00007ffee59b0000 - 0x00007ffee5d28000 	C:\WINDOWS\System32\combase.dll
0x00007ffee1610000 - 0x00007ffee1776000 	C:\WINDOWS\SYSTEM32\wintypes.dll
0x00007ffee51a0000 - 0x00007ffee528a000 	C:\WINDOWS\System32\SHCORE.dll
0x00007ffee4cc0000 - 0x00007ffee4d1d000 	C:\WINDOWS\System32\shlwapi.dll
0x00007ffee3580000 - 0x00007ffee35a1000 	C:\WINDOWS\SYSTEM32\profapi.dll
0x00007ffede770000 - 0x00007ffede788000 	C:\Program Files\Java\jdk-17.0.2\bin\zip.dll
0x00007ffedd480000 - 0x00007ffedd499000 	C:\Program Files\Java\jdk-17.0.2\bin\net.dll
0x00007ffedf160000 - 0x00007ffedf26c000 	C:\WINDOWS\SYSTEM32\WINHTTP.dll
0x00007ffee2c70000 - 0x00007ffee2cd7000 	C:\WINDOWS\system32\mswsock.dll
0x00007ffed55c0000 - 0x00007ffed55d6000 	C:\Program Files\Java\jdk-17.0.2\bin\nio.dll
0x00007ffed4200000 - 0x00007ffed421a000 	C:\Program Files\JetBrains\IntelliJ IDEA 2021.3.2\bin\breakgen64.dll
0x00007ffeaacf0000 - 0x00007ffeaae7f000 	C:\Program Files\Java\jdk-17.0.2\bin\awt.dll
0x00007ffee55c0000 - 0x00007ffee5696000 	C:\WINDOWS\System32\OLEAUT32.dll
0x00007ffee0340000 - 0x00007ffee03d1000 	C:\WINDOWS\SYSTEM32\apphelp.dll
0x00007ffee06f0000 - 0x00007ffee079c000 	C:\WINDOWS\system32\uxtheme.dll
0x00007ffee5790000 - 0x00007ffee58ae000 	C:\WINDOWS\System32\MSCTF.dll
0x00007ffee5f80000 - 0x00007ffee611a000 	C:\WINDOWS\System32\ole32.dll
0x00007ffee0fe0000 - 0x00007ffee100f000 	C:\WINDOWS\system32\DWMAPI.DLL
0x00007ffe955f0000 - 0x00007ffe956f1000 	C:\WINDOWS\system32\opengl32.dll
0x00007ffeaa610000 - 0x00007ffeaa63d000 	C:\WINDOWS\SYSTEM32\GLU32.dll
0x00007ffee0e10000 - 0x00007ffee0e48000 	C:\WINDOWS\SYSTEM32\dxcore.dll
0x00007ffeb8b80000 - 0x00007ffeb8c09000 	C:\Program Files\Java\jdk-17.0.2\bin\freetype.dll
0x00007ffeadee0000 - 0x00007ffeadf88000 	C:\Program Files\Java\jdk-17.0.2\bin\fontmanager.dll
0x00007ffecadd0000 - 0x00007ffecaefd000 	C:\WINDOWS\SYSTEM32\textinputframework.dll
0x00007ffedfb40000 - 0x00007ffedfc72000 	C:\WINDOWS\SYSTEM32\CoreMessaging.dll
0x00007ffedcb10000 - 0x00007ffedce7d000 	C:\WINDOWS\SYSTEM32\CoreUIComponents.dll
0x00007ffee2ed0000 - 0x00007ffee2edc000 	C:\WINDOWS\SYSTEM32\CRYPTBASE.DLL
0x00007ffee2eb0000 - 0x00007ffee2ec8000 	C:\WINDOWS\SYSTEM32\CRYPTSP.dll
0x00007ffee2700000 - 0x00007ffee2735000 	C:\WINDOWS\system32\rsaenh.dll
0x00007ffee2d60000 - 0x00007ffee2d89000 	C:\WINDOWS\SYSTEM32\USERENV.dll
0x00007ffee3030000 - 0x00007ffee3057000 	C:\WINDOWS\SYSTEM32\bcrypt.dll
0x00007ffee22c0000 - 0x00007ffee22ed000 	C:\WINDOWS\SYSTEM32\IPHLPAPI.DLL
0x00007ffee5290000 - 0x00007ffee5299000 	C:\WINDOWS\System32\NSI.dll
0x00007ffede450000 - 0x00007ffede469000 	C:\WINDOWS\SYSTEM32\dhcpcsvc6.DLL
0x00007ffede3e0000 - 0x00007ffede3fe000 	C:\WINDOWS\SYSTEM32\dhcpcsvc.DLL
0x00007ffee22f0000 - 0x00007ffee23d7000 	C:\WINDOWS\SYSTEM32\DNSAPI.dll

dbghelp: loaded successfully - version: 4.0.5 - missing functions: none
symbol engine: initialized successfully - sym options: 0x614 - pdb path: .;C:\Program Files\Java\jdk-17.0.2\bin;C:\WINDOWS\SYSTEM32;C:\WINDOWS\WinSxS\amd64_microsoft.windows.common-controls_6595b64144ccf1df_6.0.22000.120_none_9d947278b86cc467;C:\Program Files\Java\jdk-17.0.2\bin\server;C:\Program Files\JetBrains\IntelliJ IDEA 2021.3.2\bin;C:\WINDOWS\System32\DriverStore\FileRepository\u0370468.inf_amd64_5e4260b11257b6e9\B370372

VM Arguments:
jvm_args: -javaagent:C:\Program Files\JetBrains\IntelliJ IDEA 2021.3.2\lib\idea_rt.jar=51004:C:\Program Files\JetBrains\IntelliJ IDEA 2021.3.2\bin -Dfile.encoding=UTF-8 
java_command: VirtualWorld
java_class_path (initial): C:\Users\Anson\Desktop\quarter-long-project-AnsonYams\out\production\quarter-long-project-AnsonYams;C:\Users\Anson\Desktop\quarter-long-project-AnsonYams\processing-experimental.jar
Launcher Type: SUN_STANDARD

[Global flags]
     intx CICompilerCount                          = 12                                        {product} {ergonomic}
     uint ConcGCThreads                            = 3                                         {product} {ergonomic}
     uint G1ConcRefinementThreads                  = 13                                        {product} {ergonomic}
   size_t G1HeapRegionSize                         = 2097152                                   {product} {ergonomic}
    uintx GCDrainStackTargetSize                   = 64                                        {product} {ergonomic}
   size_t InitialHeapSize                          = 260046848                                 {product} {ergonomic}
   size_t MarkStackSize                            = 4194304                                   {product} {ergonomic}
   size_t MaxHeapSize                              = 4137680896                                {product} {ergonomic}
   size_t MaxNewSize                               = 2480930816                                {product} {ergonomic}
   size_t MinHeapDeltaBytes                        = 2097152                                   {product} {ergonomic}
   size_t MinHeapSize                              = 8388608                                   {product} {ergonomic}
    uintx NonNMethodCodeHeapSize                   = 7602480                                {pd product} {ergonomic}
    uintx NonProfiledCodeHeapSize                  = 122027880                              {pd product} {ergonomic}
    uintx ProfiledCodeHeapSize                     = 122027880                              {pd product} {ergonomic}
    uintx ReservedCodeCacheSize                    = 251658240                              {pd product} {ergonomic}
     bool SegmentedCodeCache                       = true                                      {product} {ergonomic}
   size_t SoftMaxHeapSize                          = 4137680896                             {manageable} {ergonomic}
     bool UseCompressedClassPointers               = true                           {product lp64_product} {ergonomic}
     bool UseCompressedOops                        = true                           {product lp64_product} {ergonomic}
     bool UseG1GC                                  = true                                      {product} {ergonomic}
     bool UseLargePagesIndividualAllocation        = false                                  {pd product} {ergonomic}

Logging:
Log output configuration:
 #0: stdout all=warning uptime,level,tags
 #1: stderr all=off uptime,level,tags

Environment Variables:
PATH=C:\Program Files\Common Files\Oracle\Java\javapath;C:\Program Files (x86)\Common Files\Oracle\Java\javapath;C:\Windows\system32;C:\Windows;C:\Windows\System32\Wbem;C:\Windows\System32\WindowsPowerShell\v1.0\;C:\Windows\System32\OpenSSH\;C:\Program Files (x86)\NVIDIA Corporation\PhysX\Common;C:\Program Files\NVIDIA Corporation\NVIDIA NvDLISR;C:\TDM-GCC-64\bin;C:\Program Files\Git\cmd;C:\WINDOWS\system32;C:\WINDOWS;C:\WINDOWS\System32\Wbem;C:\WINDOWS\System32\WindowsPowerShell\v1.0\;C:\WINDOWS\System32\OpenSSH\;C:\Users\Anson\AppData\Local\Microsoft\WindowsApps;C:\Users\Anson\AppData\Local\Programs\Microsoft VS Code\bin;C:\Users\Anson\AppData\Local\GitHubDesktop\bin;
USERNAME=Anson
OS=Windows_NT
PROCESSOR_IDENTIFIER=AMD64 Family 25 Model 80 Stepping 0, AuthenticAMD



---------------  S Y S T E M  ---------------

OS:
 Windows 11 , 64 bit Build 22000 (10.0.22000.434)
OS uptime: 5 days 8:33 hours
Hyper-V role detected

CPU: total 16 (initial active 16) (16 cores per cpu, 2 threads per core) family 25 model 80 stepping 0 microcode 0x0, cx8, cmov, fxsr, ht, mmx, 3dnowpref, sse, sse2, sse3, ssse3, sse4a, sse4.1, sse4.2, popcnt, lzcnt, tsc, tscinvbit, avx, avx2, aes, erms, clmul, bmi1, bmi2, adx, sha, fma, vzeroupper, clflush, clflushopt, hv

Memory: 4k page, system-wide physical 15776M (5364M free)
TotalPageFile size 18848M (AvailPageFile size 3135M)
current process WorkingSet (physical memory assigned to process): 128M, peak: 148M
current process commit charge ("private bytes"): 397M, peak: 433M

vm_info: Java HotSpot(TM) 64-Bit Server VM (17.0.2+8-LTS-86) for windows-amd64 JRE (17.0.2+8-LTS-86), built on Dec  7 2021 21:51:03 by "mach5one" with MS VC++ 16.8 / 16.9 (VS2019)

END.
